{"contracts/TestToken.sol":{"l":{"48":13,"54":1,"56":12,"58":12,"59":12,"62":12,"63":12,"64":12,"67":12,"70":12,"71":12,"72":12,"74":12,"79":6,"80":1,"83":5,"88":1,"93":2,"94":1,"96":1,"97":1},"path":"/Users/aleeeexcool/test/contracts/TestToken.sol","s":{"1":13,"2":12,"3":12,"4":12,"5":12,"6":12,"7":12,"8":12,"9":12,"10":12,"11":12,"12":6,"13":5,"14":1,"15":2,"16":1},"b":{"1":[13,0],"2":[1,12],"3":[1,0],"4":[0,0],"5":[0,0],"6":[6,1],"7":[1,5],"8":[1,1],"9":[2,1],"10":[1,1],"11":[1,1]},"f":{"1":13,"2":6,"3":1,"4":2,"5":1},"fnMap":{"1":{"name":"initialize","line":47,"loc":{"start":{"line":47,"column":4},"end":{"line":75,"column":4}}},"2":{"name":"mint","line":78,"loc":{"start":{"line":78,"column":4},"end":{"line":84,"column":4}}},"3":{"name":"burn","line":87,"loc":{"start":{"line":87,"column":4},"end":{"line":89,"column":4}}},"4":{"name":"setMaxTotalSupply","line":92,"loc":{"start":{"line":92,"column":4},"end":{"line":98,"column":4}}},"5":{"name":"_authorizeUpgrade","line":103,"loc":{"start":{"line":100,"column":4},"end":{"line":104,"column":5}}}},"statementMap":{"1":{"start":{"line":48,"column":8},"end":{"line":48,"column":1782}},"2":{"start":{"line":56,"column":8},"end":{"line":56,"column":43}},"3":{"start":{"line":58,"column":8},"end":{"line":58,"column":29}},"4":{"start":{"line":59,"column":8},"end":{"line":59,"column":31}},"5":{"start":{"line":62,"column":8},"end":{"line":62,"column":53}},"6":{"start":{"line":63,"column":8},"end":{"line":63,"column":53}},"7":{"start":{"line":64,"column":8},"end":{"line":64,"column":55}},"8":{"start":{"line":67,"column":8},"end":{"line":67,"column":49}},"9":{"start":{"line":70,"column":8},"end":{"line":70,"column":43}},"10":{"start":{"line":71,"column":8},"end":{"line":71,"column":43}},"11":{"start":{"line":72,"column":8},"end":{"line":72,"column":47}},"12":{"start":{"line":79,"column":8},"end":{"line":79,"column":2758}},"13":{"start":{"line":83,"column":8},"end":{"line":83,"column":24}},"14":{"start":{"line":88,"column":8},"end":{"line":88,"column":29}},"15":{"start":{"line":93,"column":8},"end":{"line":93,"column":3241}},"16":{"start":{"line":97,"column":8},"end":{"line":97,"column":48}}},"branchMap":{"1":{"line":47,"type":"if","locations":[{"start":{"line":47,"column":51},"end":{"line":47,"column":51}},{"start":{"line":47,"column":51},"end":{"line":47,"column":51}}]},"2":{"line":48,"type":"if","locations":[{"start":{"line":48,"column":8},"end":{"line":48,"column":8}},{"start":{"line":48,"column":8},"end":{"line":48,"column":8}}]},"3":{"line":49,"type":"cond-expr","locations":[{"start":{"line":49,"column":12},"end":{"line":49,"column":35}},{"start":{"line":50,"column":12},"end":{"line":50,"column":36}}]},"4":{"line":49,"type":"cond-expr","locations":[{"start":{"line":49,"column":12},"end":{"line":50,"column":36}},{"start":{"line":51,"column":12},"end":{"line":51,"column":36}}]},"5":{"line":49,"type":"cond-expr","locations":[{"start":{"line":49,"column":12},"end":{"line":51,"column":36}},{"start":{"line":52,"column":12},"end":{"line":52,"column":38}}]},"6":{"line":78,"type":"if","locations":[{"start":{"line":78,"column":55},"end":{"line":78,"column":55}},{"start":{"line":78,"column":55},"end":{"line":78,"column":55}}]},"7":{"line":79,"type":"if","locations":[{"start":{"line":79,"column":8},"end":{"line":79,"column":8}},{"start":{"line":79,"column":8},"end":{"line":79,"column":8}}]},"8":{"line":87,"type":"if","locations":[{"start":{"line":87,"column":60},"end":{"line":87,"column":60}},{"start":{"line":87,"column":60},"end":{"line":87,"column":60}}]},"9":{"line":92,"type":"if","locations":[{"start":{"line":92,"column":75},"end":{"line":92,"column":75}},{"start":{"line":92,"column":75},"end":{"line":92,"column":75}}]},"10":{"line":93,"type":"if","locations":[{"start":{"line":93,"column":8},"end":{"line":93,"column":8}},{"start":{"line":93,"column":8},"end":{"line":93,"column":8}}]},"11":{"line":103,"type":"if","locations":[{"start":{"line":103,"column":8},"end":{"line":103,"column":8}},{"start":{"line":103,"column":8},"end":{"line":103,"column":8}}]}}}}